#! /opt/homebrew/Cellar/icarus-verilog/11.0/bin/vvp
:ivl_version "11.0 (stable)";
:ivl_delay_selection "TYPICAL";
:vpi_time_precision + 0;
:vpi_module "/opt/homebrew/Cellar/icarus-verilog/11.0/lib/ivl/system.vpi";
:vpi_module "/opt/homebrew/Cellar/icarus-verilog/11.0/lib/ivl/vhdl_sys.vpi";
:vpi_module "/opt/homebrew/Cellar/icarus-verilog/11.0/lib/ivl/vhdl_textio.vpi";
:vpi_module "/opt/homebrew/Cellar/icarus-verilog/11.0/lib/ivl/v2005_math.vpi";
:vpi_module "/opt/homebrew/Cellar/icarus-verilog/11.0/lib/ivl/va_math.vpi";
S_0x13a8041e0 .scope module, "counter" "counter" 2 1;
 .timescale 0 0;
    .port_info 0 /INPUT 1 "clk";
    .port_info 1 /INPUT 1 "rst";
    .port_info 2 /INPUT 1 "inc";
    .port_info 3 /INPUT 1 "dec";
    .port_info 4 /OUTPUT 3 "count";
o0x130008010 .functor BUFZ 1, C4<z>; HiZ drive
v0x13a8044b0_0 .net "clk", 0 0, o0x130008010;  0 drivers
v0x13a814560_0 .var "count", 2 0;
o0x130008070 .functor BUFZ 1, C4<z>; HiZ drive
v0x13a814610_0 .net "dec", 0 0, o0x130008070;  0 drivers
v0x13a8146c0_0 .var "enable", 0 0;
o0x1300080d0 .functor BUFZ 1, C4<z>; HiZ drive
v0x13a814760_0 .net "inc", 0 0, o0x1300080d0;  0 drivers
v0x13a814840_0 .var "mux_out", 3 0;
o0x130008130 .functor BUFZ 1, C4<z>; HiZ drive
v0x13a8148f0_0 .net "rst", 0 0, o0x130008130;  0 drivers
E_0x13a804410 .event posedge, v0x13a8044b0_0;
E_0x13a804440 .event edge, v0x13a814760_0, v0x13a814560_0;
E_0x13a804480 .event edge, v0x13a814760_0, v0x13a814610_0;
    .scope S_0x13a8041e0;
T_0 ;
    %wait E_0x13a804480;
    %load/vec4 v0x13a814760_0;
    %load/vec4 v0x13a814610_0;
    %or;
    %store/vec4 v0x13a8146c0_0, 0, 1;
    %jmp T_0;
    .thread T_0, $push;
    .scope S_0x13a8041e0;
T_1 ;
    %wait E_0x13a804440;
    %load/vec4 v0x13a814760_0;
    %dup/vec4;
    %pushi/vec4 0, 0, 1;
    %cmp/u;
    %jmp/1 T_1.0, 6;
    %dup/vec4;
    %pushi/vec4 1, 0, 1;
    %cmp/u;
    %jmp/1 T_1.1, 6;
    %jmp T_1.2;
T_1.0 ;
    %load/vec4 v0x13a814560_0;
    %pad/u 4;
    %subi 1, 0, 4;
    %store/vec4 v0x13a814840_0, 0, 4;
    %jmp T_1.2;
T_1.1 ;
    %load/vec4 v0x13a814560_0;
    %pad/u 4;
    %addi 1, 0, 4;
    %store/vec4 v0x13a814840_0, 0, 4;
    %jmp T_1.2;
T_1.2 ;
    %pop/vec4 1;
    %jmp T_1;
    .thread T_1, $push;
    .scope S_0x13a8041e0;
T_2 ;
    %wait E_0x13a804410;
    %load/vec4 v0x13a8148f0_0;
    %flag_set/vec4 8;
    %jmp/0xz  T_2.0, 8;
    %pushi/vec4 0, 0, 3;
    %assign/vec4 v0x13a814560_0, 1;
    %jmp T_2.1;
T_2.0 ;
    %load/vec4 v0x13a8146c0_0;
    %flag_set/vec4 8;
    %jmp/0xz  T_2.2, 8;
    %load/vec4 v0x13a814840_0;
    %pad/u 3;
    %assign/vec4 v0x13a814560_0, 1;
T_2.2 ;
T_2.1 ;
    %jmp T_2;
    .thread T_2;
# The file index is used to find the file name in the following table.
:file_names 3;
    "N/A";
    "<interactive>";
    "counter.v";
